0 info it worked if it ends with ok
1 verbose cli [ '/home/student/.nvm/versions/node/v6.11.3/bin/node',
1 verbose cli   '/home/student/.nvm/versions/node/v6.11.3/bin/npm',
1 verbose cli   'start' ]
2 info using npm@3.10.10
3 info using node@v6.11.3
4 verbose run-script [ 'prestart', 'start', 'poststart' ]
5 info lifecycle sweet-as-beers@0.1.0~prestart: sweet-as-beers@0.1.0
6 silly lifecycle sweet-as-beers@0.1.0~prestart: no script for prestart, continuing
7 info lifecycle sweet-as-beers@0.1.0~start: sweet-as-beers@0.1.0
8 verbose lifecycle sweet-as-beers@0.1.0~start: unsafe-perm in lifecycle true
9 verbose lifecycle sweet-as-beers@0.1.0~start: PATH: /home/student/.nvm/versions/node/v6.11.3/lib/node_modules/npm/bin/node-gyp-bin:/home/student/workspace/savetomemory/node_modules/.bin:/home/student/.nvm/versions/node/v6.11.3/bin:/home/student/bin:/home/student/.local/bin:/usr/local/sbin:/usr/local/bin:/usr/sbin:/usr/bin:/sbin:/bin:/usr/games:/usr/local/games:/snap/bin
10 verbose lifecycle sweet-as-beers@0.1.0~start: CWD: /home/student/workspace/savetomemory
11 silly lifecycle sweet-as-beers@0.1.0~start: Args: [ '-c',
11 silly lifecycle   'nodemon --watch server server/index & webpack --watch' ]
12 silly lifecycle sweet-as-beers@0.1.0~start: Returned: code: 143  signal: null
13 info lifecycle sweet-as-beers@0.1.0~start: Failed to exec start script
14 verbose stack Error: sweet-as-beers@0.1.0 start: `nodemon --watch server server/index & webpack --watch`
14 verbose stack Exit status 143
14 verbose stack     at EventEmitter.<anonymous> (/home/student/.nvm/versions/node/v6.11.3/lib/node_modules/npm/lib/utils/lifecycle.js:255:16)
14 verbose stack     at emitTwo (events.js:106:13)
14 verbose stack     at EventEmitter.emit (events.js:191:7)
14 verbose stack     at ChildProcess.<anonymous> (/home/student/.nvm/versions/node/v6.11.3/lib/node_modules/npm/lib/utils/spawn.js:40:14)
14 verbose stack     at emitTwo (events.js:106:13)
14 verbose stack     at ChildProcess.emit (events.js:191:7)
14 verbose stack     at maybeClose (internal/child_process.js:920:16)
14 verbose stack     at Process.ChildProcess._handle.onexit (internal/child_process.js:230:5)
15 verbose pkgid sweet-as-beers@0.1.0
16 verbose cwd /home/student/workspace/savetomemory
17 error Linux 4.4.0-97-generic
18 error argv "/home/student/.nvm/versions/node/v6.11.3/bin/node" "/home/student/.nvm/versions/node/v6.11.3/bin/npm" "start"
19 error node v6.11.3
20 error npm  v3.10.10
21 error code ELIFECYCLE
22 error sweet-as-beers@0.1.0 start: `nodemon --watch server server/index & webpack --watch`
22 error Exit status 143
23 error Failed at the sweet-as-beers@0.1.0 start script 'nodemon --watch server server/index & webpack --watch'.
23 error Make sure you have the latest version of node.js and npm installed.
23 error If you do, this is most likely a problem with the sweet-as-beers package,
23 error not with npm itself.
23 error Tell the author that this fails on your system:
23 error     nodemon --watch server server/index & webpack --watch
23 error You can get information on how to open an issue for this project with:
23 error     npm bugs sweet-as-beers
23 error Or if that isn't available, you can get their info via:
23 error     npm owner ls sweet-as-beers
23 error There is likely additional logging output above.
24 verbose exit [ 1, true ]
